<?xml version="1.0" encoding="UTF-8" standalone="no"?>
<testsuite errors="0" failures="0" name="io.cucumber.core.plugin.JUnitFormatter" skipped="0" tests="9" time="267.951">
    <testcase classname="Verify the Surveys Functionality" name="Verify that user can create a survey" time="23.757">
        <system-out>
            <![CDATA[Given user is on the surveys module page of web table app...................passed
When user click the Create Button...........................................passed
Then user should create a survey............................................passed
]]>
        </system-out>
    </testcase>
    <testcase classname="Verify the Surveys Functionality" name="Verify that user cannot create a survey without typing title (empty title)" time="27.449">
        <system-out>
            <![CDATA[Given user is on the surveys module page of web table app...................passed
When user click the Create Button...........................................passed
And user click the Save Button..............................................passed
Then user should not create a survey........................................passed
]]>
        </system-out>
    </testcase>
    <testcase classname="Verify the Surveys Functionality" name="Verify that user can cancel the process by clicking Discard button" time="26.264">
        <system-out>
            <![CDATA[Given user is on the surveys module page of web table app...................passed
When user click the Create Button...........................................passed
And user click the Discard Button...........................................passed
Then user should cancel the process.........................................passed
]]>
        </system-out>
    </testcase>
    <testcase classname="Verify the Surveys Functionality" name="Verify that page title is changed to the new survey name after user create the survey" time="26.98">
        <system-out>
            <![CDATA[Given user is on the surveys module page of web table app...................passed
When user click the Create Button...........................................passed
And user write any "title" on Title label...................................passed
And user click the Save Button..............................................passed
Then user should see the page title is changed to the new survey name after user create the survey.passed
]]>
        </system-out>
    </testcase>
    <testcase classname="Verify the Surveys Functionality" name="Verify that “Survey created” message is displayed at the bottom of the page (after creating a new survey)." time="26.081">
        <system-out>
            <![CDATA[Given user is on the surveys module page of web table app...................passed
When user click the Create Button...........................................passed
And user write any "title" on Title label...................................passed
And user click the Save Button..............................................passed
Then user should see Survey created message is displayed at the bottom of the page (after creating a new survey).passed
]]>
        </system-out>
    </testcase>
    <testcase classname="Verify the Surveys Functionality" name="Verify that user can find the new created survey under permanent survey list by using search box." time="40.965">
        <system-out>
            <![CDATA[Given user is on the surveys module page of web table app...................passed
When user click the Create Button...........................................passed
And user write any "title" on Title label...................................passed
And user click the Save Button..............................................passed
And user click the List button..............................................passed
And user write new created "title" under permanent survey list by using search box..passed
Then user should find the new created survey................................passed
]]>
        </system-out>
    </testcase>
    <testcase classname="Verify the Surveys Functionality" name="Verify that user can change surveys display to Kanban" time="20.228">
        <system-out>
            <![CDATA[Given user is on the surveys module page of web table app...................passed
When user click the Kanban button...........................................passed
Then user should see the data like as Kanban type...........................passed
]]>
        </system-out>
    </testcase>
    <testcase classname="Verify the Surveys Functionality" name="Verify that user can change surveys display to List" time="26.785">
        <system-out>
            <![CDATA[Given user is on the surveys module page of web table app...................passed
When user click the List button.............................................passed
Then user should see the data like as List type.............................passed
]]>
        </system-out>
    </testcase>
    <testcase classname="Verify the Surveys Functionality" name="Verify that the number of surveys increased 1" time="48.997">
        <system-out>
            <![CDATA[Given user is on the surveys module page of web table app...................passed
When user click the List button.............................................passed
And user click the Create Button............................................passed
And user write any "title" on Title label...................................passed
And user click the Save Button..............................................passed
Then user should see the number of surveys increased 1......................passed
]]>
        </system-out>
    </testcase>
</testsuite>
